<?xml version="1.0" encoding="UTF-8"?>
<!-- Generated by org.testng.reporters.JUnitReportReporter -->
<testsuite skipped="0" hostname="DESKTOP-Q3OL5F5" name="goRestApi.TC004_DeleteCommands" tests="1" failures="0" timestamp="2022-08-04T14:01:15 EDT" time="2.414" errors="0">
  <testcase name="deleteUser" time="2.414" classname="goRestApi.TC004_DeleteCommands"/>
  <system-out/>
</testsuite> <!-- goRestApi.TC004_DeleteCommands -->
