<?xml version="1.0" encoding="UTF-8"?>
<!-- Generated by org.testng.reporters.JUnitReportReporter -->
<testsuite skipped="0" hostname="DESKTOP-Q3OL5F5" name="goRestApi.TC001_GetCommands" tests="1" failures="0" timestamp="2022-08-04T14:01:34 EDT" time="2.703" errors="0">
  <testcase name="getCustomerDetails" time="2.703" classname="goRestApi.TC001_GetCommands"/>
  <system-out/>
</testsuite> <!-- goRestApi.TC001_GetCommands -->
