<?xml version="1.0" encoding="UTF-8"?>
<!-- Generated by org.testng.reporters.JUnitReportReporter -->
<testsuite skipped="0" hostname="DESKTOP-Q3OL5F5" name="goRestApi.TC002_PostCommands" tests="2" failures="0" timestamp="2022-08-04T13:38:22 EDT" time="3.622" errors="0">
  <testcase name="createUserWithPayload" time="3.047" classname="goRestApi.TC002_PostCommands"/>
  <system-out/>
  <testcase name="createUserWithoutTokenAndPayload" time="0.575" classname="goRestApi.TC002_PostCommands"/>
  <system-out/>
</testsuite> <!-- goRestApi.TC002_PostCommands -->
