<?xml version="1.0" encoding="UTF-8"?>
<!-- Generated by org.testng.reporters.JUnitReportReporter -->
<testsuite skipped="0" hostname="DESKTOP-Q3OL5F5" name="goRestApi.TC003_PutCommands" tests="1" failures="0" timestamp="2022-08-04T13:52:38 EDT" time="2.677" errors="0">
  <testcase name="mofidyUserDetails" time="2.677" classname="goRestApi.TC003_PutCommands"/>
  <system-out/>
</testsuite> <!-- goRestApi.TC003_PutCommands -->
